<?xml version="1.0" encoding="UTF-8"?>
<testsuite xmlns:xsi="http://www.w3.org/2001/XMLSchema-instance" xsi:noNamespaceSchemaLocation="https://maven.apache.org/surefire/maven-surefire-plugin/xsd/surefire-test-report-3.0.xsd" version="3.0" name="com.ecommerce.inventory.InventoryApplicationTests" time="3.562" tests="1" errors="0" skipped="0" failures="0">
  <properties>
    <property name="java.specification.version" value="17"/>
    <property name="sun.jnu.encoding" value="UTF-8"/>
    <property name="java.class.path" value="/Users/vikasjain/Downloads/Spring-Projects/Ecommerce/Ecommerce-main/inventory-service/target/test-classes:/Users/vikasjain/Downloads/Spring-Projects/Ecommerce/Ecommerce-main/inventory-service/target/classes:/Users/vikasjain/.m2/repository/org/springframework/cloud/spring-cloud-starter-netflix-eureka-client/4.1.0/spring-cloud-starter-netflix-eureka-client-4.1.0.jar:/Users/vikasjain/.m2/repository/org/springframework/cloud/spring-cloud-starter/4.1.0/spring-cloud-starter-4.1.0.jar:/Users/vikasjain/.m2/repository/org/springframework/cloud/spring-cloud-context/4.1.0/spring-cloud-context-4.1.0.jar:/Users/vikasjain/.m2/repository/org/springframework/security/spring-security-crypto/6.2.2/spring-security-crypto-6.2.2.jar:/Users/vikasjain/.m2/repository/org/springframework/cloud/spring-cloud-commons/4.1.0/spring-cloud-commons-4.1.0.jar:/Users/vikasjain/.m2/repository/org/springframework/security/spring-security-rsa/1.1.1/spring-security-rsa-1.1.1.jar:/Users/vikasjain/.m2/repository/org/bouncycastle/bcprov-jdk18on/1.74/bcprov-jdk18on-1.74.jar:/Users/vikasjain/.m2/repository/org/springframework/cloud/spring-cloud-netflix-eureka-client/4.1.0/spring-cloud-netflix-eureka-client-4.1.0.jar:/Users/vikasjain/.m2/repository/org/apache/httpcomponents/client5/httpclient5/5.2.3/httpclient5-5.2.3.jar:/Users/vikasjain/.m2/repository/org/apache/httpcomponents/core5/httpcore5/5.2.4/httpcore5-5.2.4.jar:/Users/vikasjain/.m2/repository/org/apache/httpcomponents/core5/httpcore5-h2/5.2.4/httpcore5-h2-5.2.4.jar:/Users/vikasjain/.m2/repository/com/netflix/eureka/eureka-client/2.0.1/eureka-client-2.0.1.jar:/Users/vikasjain/.m2/repository/com/netflix/netflix-commons/netflix-eventbus/0.3.0/netflix-eventbus-0.3.0.jar:/Users/vikasjain/.m2/repository/com/netflix/netflix-commons/netflix-infix/0.3.0/netflix-infix-0.3.0.jar:/Users/vikasjain/.m2/repository/commons-jxpath/commons-jxpath/1.3/commons-jxpath-1.3.jar:/Users/vikasjain/.m2/repository/joda-time/joda-time/2.3/joda-time-2.3.jar:/Users/vikasjain/.m2/repository/org/antlr/antlr-runtime/3.4/antlr-runtime-3.4.jar:/Users/vikasjain/.m2/repository/org/antlr/stringtemplate/3.2.1/stringtemplate-3.2.1.jar:/Users/vikasjain/.m2/repository/antlr/antlr/2.7.7/antlr-2.7.7.jar:/Users/vikasjain/.m2/repository/com/google/code/gson/gson/2.10.1/gson-2.10.1.jar:/Users/vikasjain/.m2/repository/org/apache/commons/commons-math/2.2/commons-math-2.2.jar:/Users/vikasjain/.m2/repository/com/thoughtworks/xstream/xstream/1.4.19/xstream-1.4.19.jar:/Users/vikasjain/.m2/repository/io/github/x-stream/mxparser/1.2.2/mxparser-1.2.2.jar:/Users/vikasjain/.m2/repository/xmlpull/xmlpull/1.1.3.1/xmlpull-1.1.3.1.jar:/Users/vikasjain/.m2/repository/jakarta/ws/rs/jakarta.ws.rs-api/3.1.0/jakarta.ws.rs-api-3.1.0.jar:/Users/vikasjain/.m2/repository/jakarta/inject/jakarta.inject-api/2.0.1/jakarta.inject-api-2.0.1.jar:/Users/vikasjain/.m2/repository/jakarta/annotation/jakarta.annotation-api/2.1.1/jakarta.annotation-api-2.1.1.jar:/Users/vikasjain/.m2/repository/com/netflix/servo/servo-core/0.12.21/servo-core-0.12.21.jar:/Users/vikasjain/.m2/repository/com/google/guava/guava/19.0/guava-19.0.jar:/Users/vikasjain/.m2/repository/org/apache/httpcomponents/httpclient/4.5.3/httpclient-4.5.3.jar:/Users/vikasjain/.m2/repository/org/apache/httpcomponents/httpcore/4.4.16/httpcore-4.4.16.jar:/Users/vikasjain/.m2/repository/commons-codec/commons-codec/1.16.1/commons-codec-1.16.1.jar:/Users/vikasjain/.m2/repository/commons-configuration/commons-configuration/1.10/commons-configuration-1.10.jar:/Users/vikasjain/.m2/repository/commons-lang/commons-lang/2.6/commons-lang-2.6.jar:/Users/vikasjain/.m2/repository/com/fasterxml/jackson/core/jackson-annotations/2.15.4/jackson-annotations-2.15.4.jar:/Users/vikasjain/.m2/repository/com/fasterxml/jackson/core/jackson-databind/2.15.4/jackson-databind-2.15.4.jar:/Users/vikasjain/.m2/repository/org/codehaus/jettison/jettison/1.4.0/jettison-1.4.0.jar:/Users/vikasjain/.m2/repository/com/netflix/eureka/eureka-core/2.0.1/eureka-core-2.0.1.jar:/Users/vikasjain/.m2/repository/com/fasterxml/woodstox/woodstox-core/6.2.1/woodstox-core-6.2.1.jar:/Users/vikasjain/.m2/repository/org/codehaus/woodstox/stax2-api/4.2.1/stax2-api-4.2.1.jar:/Users/vikasjain/.m2/repository/org/springframework/cloud/spring-cloud-starter-loadbalancer/4.1.0/spring-cloud-starter-loadbalancer-4.1.0.jar:/Users/vikasjain/.m2/repository/org/springframework/cloud/spring-cloud-loadbalancer/4.1.0/spring-cloud-loadbalancer-4.1.0.jar:/Users/vikasjain/.m2/repository/io/projectreactor/addons/reactor-extra/3.5.1/reactor-extra-3.5.1.jar:/Users/vikasjain/.m2/repository/org/springframework/boot/spring-boot-starter-cache/3.2.3/spring-boot-starter-cache-3.2.3.jar:/Users/vikasjain/.m2/repository/org/springframework/spring-context-support/6.1.4/spring-context-support-6.1.4.jar:/Users/vikasjain/.m2/repository/com/stoyanr/evictor/1.0.0/evictor-1.0.0.jar:/Users/vikasjain/.m2/repository/org/springframework/boot/spring-boot-starter-data-jpa/3.2.3/spring-boot-starter-data-jpa-3.2.3.jar:/Users/vikasjain/.m2/repository/org/springframework/boot/spring-boot-starter-aop/3.2.3/spring-boot-starter-aop-3.2.3.jar:/Users/vikasjain/.m2/repository/org/springframework/spring-aop/6.1.4/spring-aop-6.1.4.jar:/Users/vikasjain/.m2/repository/org/aspectj/aspectjweaver/1.9.21/aspectjweaver-1.9.21.jar:/Users/vikasjain/.m2/repository/org/springframework/boot/spring-boot-starter-jdbc/3.2.3/spring-boot-starter-jdbc-3.2.3.jar:/Users/vikasjain/.m2/repository/com/zaxxer/HikariCP/5.0.1/HikariCP-5.0.1.jar:/Users/vikasjain/.m2/repository/org/springframework/spring-jdbc/6.1.4/spring-jdbc-6.1.4.jar:/Users/vikasjain/.m2/repository/org/hibernate/orm/hibernate-core/6.4.4.Final/hibernate-core-6.4.4.Final.jar:/Users/vikasjain/.m2/repository/jakarta/persistence/jakarta.persistence-api/3.1.0/jakarta.persistence-api-3.1.0.jar:/Users/vikasjain/.m2/repository/jakarta/transaction/jakarta.transaction-api/2.0.1/jakarta.transaction-api-2.0.1.jar:/Users/vikasjain/.m2/repository/org/jboss/logging/jboss-logging/3.5.3.Final/jboss-logging-3.5.3.Final.jar:/Users/vikasjain/.m2/repository/org/hibernate/common/hibernate-commons-annotations/6.0.6.Final/hibernate-commons-annotations-6.0.6.Final.jar:/Users/vikasjain/.m2/repository/io/smallrye/jandex/3.1.2/jandex-3.1.2.jar:/Users/vikasjain/.m2/repository/com/fasterxml/classmate/1.6.0/classmate-1.6.0.jar:/Users/vikasjain/.m2/repository/net/bytebuddy/byte-buddy/1.14.12/byte-buddy-1.14.12.jar:/Users/vikasjain/.m2/repository/org/glassfish/jaxb/jaxb-runtime/4.0.4/jaxb-runtime-4.0.4.jar:/Users/vikasjain/.m2/repository/org/glassfish/jaxb/jaxb-core/4.0.4/jaxb-core-4.0.4.jar:/Users/vikasjain/.m2/repository/org/eclipse/angus/angus-activation/2.0.1/angus-activation-2.0.1.jar:/Users/vikasjain/.m2/repository/org/glassfish/jaxb/txw2/4.0.4/txw2-4.0.4.jar:/Users/vikasjain/.m2/repository/com/sun/istack/istack-commons-runtime/4.1.2/istack-commons-runtime-4.1.2.jar:/Users/vikasjain/.m2/repository/org/antlr/antlr4-runtime/4.13.0/antlr4-runtime-4.13.0.jar:/Users/vikasjain/.m2/repository/org/springframework/data/spring-data-jpa/3.2.3/spring-data-jpa-3.2.3.jar:/Users/vikasjain/.m2/repository/org/springframework/data/spring-data-commons/3.2.3/spring-data-commons-3.2.3.jar:/Users/vikasjain/.m2/repository/org/springframework/spring-orm/6.1.4/spring-orm-6.1.4.jar:/Users/vikasjain/.m2/repository/org/springframework/spring-context/6.1.4/spring-context-6.1.4.jar:/Users/vikasjain/.m2/repository/org/springframework/spring-tx/6.1.4/spring-tx-6.1.4.jar:/Users/vikasjain/.m2/repository/org/springframework/spring-beans/6.1.4/spring-beans-6.1.4.jar:/Users/vikasjain/.m2/repository/org/springframework/spring-aspects/6.1.4/spring-aspects-6.1.4.jar:/Users/vikasjain/.m2/repository/io/micrometer/micrometer-tracing-bridge-brave/1.2.3/micrometer-tracing-bridge-brave-1.2.3.jar:/Users/vikasjain/.m2/repository/io/micrometer/micrometer-tracing/1.2.3/micrometer-tracing-1.2.3.jar:/Users/vikasjain/.m2/repository/io/micrometer/micrometer-observation/1.12.3/micrometer-observation-1.12.3.jar:/Users/vikasjain/.m2/repository/io/micrometer/micrometer-commons/1.12.3/micrometer-commons-1.12.3.jar:/Users/vikasjain/.m2/repository/io/micrometer/context-propagation/1.1.1/context-propagation-1.1.1.jar:/Users/vikasjain/.m2/repository/aopalliance/aopalliance/1.0/aopalliance-1.0.jar:/Users/vikasjain/.m2/repository/org/slf4j/slf4j-api/2.0.12/slf4j-api-2.0.12.jar:/Users/vikasjain/.m2/repository/io/zipkin/brave/brave/5.16.0/brave-5.16.0.jar:/Users/vikasjain/.m2/repository/io/zipkin/brave/brave-context-slf4j/5.16.0/brave-context-slf4j-5.16.0.jar:/Users/vikasjain/.m2/repository/io/zipkin/brave/brave-instrumentation-http/5.16.0/brave-instrumentation-http-5.16.0.jar:/Users/vikasjain/.m2/repository/io/zipkin/aws/brave-propagation-aws/0.23.5/brave-propagation-aws-0.23.5.jar:/Users/vikasjain/.m2/repository/io/zipkin/reporter2/zipkin-reporter-brave/2.16.3/zipkin-reporter-brave-2.16.3.jar:/Users/vikasjain/.m2/repository/io/zipkin/reporter2/zipkin-reporter/2.16.3/zipkin-reporter-2.16.3.jar:/Users/vikasjain/.m2/repository/io/zipkin/zipkin2/zipkin/2.23.2/zipkin-2.23.2.jar:/Users/vikasjain/.m2/repository/com/mysql/mysql-connector-j/8.0.33/mysql-connector-j-8.0.33.jar:/Users/vikasjain/.m2/repository/org/springframework/boot/spring-boot-starter-web/3.2.3/spring-boot-starter-web-3.2.3.jar:/Users/vikasjain/.m2/repository/org/springframework/boot/spring-boot-starter/3.2.3/spring-boot-starter-3.2.3.jar:/Users/vikasjain/.m2/repository/org/springframework/boot/spring-boot/3.2.3/spring-boot-3.2.3.jar:/Users/vikasjain/.m2/repository/org/springframework/boot/spring-boot-autoconfigure/3.2.3/spring-boot-autoconfigure-3.2.3.jar:/Users/vikasjain/.m2/repository/org/springframework/boot/spring-boot-starter-logging/3.2.3/spring-boot-starter-logging-3.2.3.jar:/Users/vikasjain/.m2/repository/ch/qos/logback/logback-classic/1.4.14/logback-classic-1.4.14.jar:/Users/vikasjain/.m2/repository/ch/qos/logback/logback-core/1.4.14/logback-core-1.4.14.jar:/Users/vikasjain/.m2/repository/org/apache/logging/log4j/log4j-to-slf4j/2.21.1/log4j-to-slf4j-2.21.1.jar:/Users/vikasjain/.m2/repository/org/apache/logging/log4j/log4j-api/2.21.1/log4j-api-2.21.1.jar:/Users/vikasjain/.m2/repository/org/slf4j/jul-to-slf4j/2.0.12/jul-to-slf4j-2.0.12.jar:/Users/vikasjain/.m2/repository/org/yaml/snakeyaml/2.2/snakeyaml-2.2.jar:/Users/vikasjain/.m2/repository/org/springframework/boot/spring-boot-starter-json/3.2.3/spring-boot-starter-json-3.2.3.jar:/Users/vikasjain/.m2/repository/com/fasterxml/jackson/datatype/jackson-datatype-jdk8/2.15.4/jackson-datatype-jdk8-2.15.4.jar:/Users/vikasjain/.m2/repository/com/fasterxml/jackson/datatype/jackson-datatype-jsr310/2.15.4/jackson-datatype-jsr310-2.15.4.jar:/Users/vikasjain/.m2/repository/com/fasterxml/jackson/module/jackson-module-parameter-names/2.15.4/jackson-module-parameter-names-2.15.4.jar:/Users/vikasjain/.m2/repository/org/springframework/boot/spring-boot-starter-tomcat/3.2.3/spring-boot-starter-tomcat-3.2.3.jar:/Users/vikasjain/.m2/repository/org/apache/tomcat/embed/tomcat-embed-core/10.1.19/tomcat-embed-core-10.1.19.jar:/Users/vikasjain/.m2/repository/org/apache/tomcat/embed/tomcat-embed-el/10.1.19/tomcat-embed-el-10.1.19.jar:/Users/vikasjain/.m2/repository/org/apache/tomcat/embed/tomcat-embed-websocket/10.1.19/tomcat-embed-websocket-10.1.19.jar:/Users/vikasjain/.m2/repository/org/springframework/spring-web/6.1.4/spring-web-6.1.4.jar:/Users/vikasjain/.m2/repository/org/springframework/spring-webmvc/6.1.4/spring-webmvc-6.1.4.jar:/Users/vikasjain/.m2/repository/org/springframework/spring-expression/6.1.4/spring-expression-6.1.4.jar:/Users/vikasjain/.m2/repository/org/springframework/boot/spring-boot-starter-webflux/3.2.3/spring-boot-starter-webflux-3.2.3.jar:/Users/vikasjain/.m2/repository/org/springframework/boot/spring-boot-starter-reactor-netty/3.2.3/spring-boot-starter-reactor-netty-3.2.3.jar:/Users/vikasjain/.m2/repository/io/projectreactor/netty/reactor-netty-http/1.1.16/reactor-netty-http-1.1.16.jar:/Users/vikasjain/.m2/repository/io/netty/netty-codec-http/4.1.107.Final/netty-codec-http-4.1.107.Final.jar:/Users/vikasjain/.m2/repository/io/netty/netty-codec-http2/4.1.107.Final/netty-codec-http2-4.1.107.Final.jar:/Users/vikasjain/.m2/repository/io/netty/netty-resolver-dns-native-macos/4.1.107.Final/netty-resolver-dns-native-macos-4.1.107.Final-osx-x86_64.jar:/Users/vikasjain/.m2/repository/io/netty/netty-transport-native-epoll/4.1.107.Final/netty-transport-native-epoll-4.1.107.Final-linux-x86_64.jar:/Users/vikasjain/.m2/repository/io/netty/netty-transport-classes-epoll/4.1.107.Final/netty-transport-classes-epoll-4.1.107.Final.jar:/Users/vikasjain/.m2/repository/io/projectreactor/netty/reactor-netty-core/1.1.16/reactor-netty-core-1.1.16.jar:/Users/vikasjain/.m2/repository/io/netty/netty-handler-proxy/4.1.107.Final/netty-handler-proxy-4.1.107.Final.jar:/Users/vikasjain/.m2/repository/io/netty/netty-codec-socks/4.1.107.Final/netty-codec-socks-4.1.107.Final.jar:/Users/vikasjain/.m2/repository/org/springframework/spring-webflux/6.1.4/spring-webflux-6.1.4.jar:/Users/vikasjain/.m2/repository/io/projectreactor/reactor-core/3.6.3/reactor-core-3.6.3.jar:/Users/vikasjain/.m2/repository/org/reactivestreams/reactive-streams/1.0.4/reactive-streams-1.0.4.jar:/Users/vikasjain/.m2/repository/com/fasterxml/jackson/core/jackson-core/2.16.1/jackson-core-2.16.1.jar:/Users/vikasjain/.m2/repository/org/projectlombok/lombok/1.18.30/lombok-1.18.30.jar:/Users/vikasjain/.m2/repository/org/springframework/boot/spring-boot-starter-test/3.2.3/spring-boot-starter-test-3.2.3.jar:/Users/vikasjain/.m2/repository/org/springframework/boot/spring-boot-test/3.2.3/spring-boot-test-3.2.3.jar:/Users/vikasjain/.m2/repository/org/springframework/boot/spring-boot-test-autoconfigure/3.2.3/spring-boot-test-autoconfigure-3.2.3.jar:/Users/vikasjain/.m2/repository/com/jayway/jsonpath/json-path/2.9.0/json-path-2.9.0.jar:/Users/vikasjain/.m2/repository/jakarta/xml/bind/jakarta.xml.bind-api/4.0.1/jakarta.xml.bind-api-4.0.1.jar:/Users/vikasjain/.m2/repository/jakarta/activation/jakarta.activation-api/2.1.2/jakarta.activation-api-2.1.2.jar:/Users/vikasjain/.m2/repository/net/minidev/json-smart/2.5.0/json-smart-2.5.0.jar:/Users/vikasjain/.m2/repository/net/minidev/accessors-smart/2.5.0/accessors-smart-2.5.0.jar:/Users/vikasjain/.m2/repository/org/ow2/asm/asm/9.3/asm-9.3.jar:/Users/vikasjain/.m2/repository/org/assertj/assertj-core/3.24.2/assertj-core-3.24.2.jar:/Users/vikasjain/.m2/repository/org/awaitility/awaitility/4.2.0/awaitility-4.2.0.jar:/Users/vikasjain/.m2/repository/org/hamcrest/hamcrest/2.2/hamcrest-2.2.jar:/Users/vikasjain/.m2/repository/org/junit/jupiter/junit-jupiter/5.10.2/junit-jupiter-5.10.2.jar:/Users/vikasjain/.m2/repository/org/junit/jupiter/junit-jupiter-api/5.10.2/junit-jupiter-api-5.10.2.jar:/Users/vikasjain/.m2/repository/org/opentest4j/opentest4j/1.3.0/opentest4j-1.3.0.jar:/Users/vikasjain/.m2/repository/org/junit/platform/junit-platform-commons/1.10.2/junit-platform-commons-1.10.2.jar:/Users/vikasjain/.m2/repository/org/apiguardian/apiguardian-api/1.1.2/apiguardian-api-1.1.2.jar:/Users/vikasjain/.m2/repository/org/junit/jupiter/junit-jupiter-params/5.10.2/junit-jupiter-params-5.10.2.jar:/Users/vikasjain/.m2/repository/org/junit/jupiter/junit-jupiter-engine/5.10.2/junit-jupiter-engine-5.10.2.jar:/Users/vikasjain/.m2/repository/org/junit/platform/junit-platform-engine/1.10.2/junit-platform-engine-1.10.2.jar:/Users/vikasjain/.m2/repository/org/mockito/mockito-core/5.7.0/mockito-core-5.7.0.jar:/Users/vikasjain/.m2/repository/net/bytebuddy/byte-buddy-agent/1.14.12/byte-buddy-agent-1.14.12.jar:/Users/vikasjain/.m2/repository/org/objenesis/objenesis/3.3/objenesis-3.3.jar:/Users/vikasjain/.m2/repository/org/mockito/mockito-junit-jupiter/5.7.0/mockito-junit-jupiter-5.7.0.jar:/Users/vikasjain/.m2/repository/org/skyscreamer/jsonassert/1.5.1/jsonassert-1.5.1.jar:/Users/vikasjain/.m2/repository/com/vaadin/external/google/android-json/0.0.20131108.vaadin1/android-json-0.0.20131108.vaadin1.jar:/Users/vikasjain/.m2/repository/org/springframework/spring-core/6.1.4/spring-core-6.1.4.jar:/Users/vikasjain/.m2/repository/org/springframework/spring-jcl/6.1.4/spring-jcl-6.1.4.jar:/Users/vikasjain/.m2/repository/org/springframework/spring-test/6.1.4/spring-test-6.1.4.jar:/Users/vikasjain/.m2/repository/org/xmlunit/xmlunit-core/2.9.1/xmlunit-core-2.9.1.jar:/Users/vikasjain/.m2/repository/org/testcontainers/mongodb/1.19.6/mongodb-1.19.6.jar:/Users/vikasjain/.m2/repository/org/testcontainers/testcontainers/1.19.6/testcontainers-1.19.6.jar:/Users/vikasjain/.m2/repository/junit/junit/4.13.2/junit-4.13.2.jar:/Users/vikasjain/.m2/repository/org/hamcrest/hamcrest-core/2.2/hamcrest-core-2.2.jar:/Users/vikasjain/.m2/repository/org/apache/commons/commons-compress/1.24.0/commons-compress-1.24.0.jar:/Users/vikasjain/.m2/repository/org/rnorth/duct-tape/duct-tape/1.0.8/duct-tape-1.0.8.jar:/Users/vikasjain/.m2/repository/org/jetbrains/annotations/17.0.0/annotations-17.0.0.jar:/Users/vikasjain/.m2/repository/com/github/docker-java/docker-java-api/3.3.5/docker-java-api-3.3.5.jar:/Users/vikasjain/.m2/repository/com/github/docker-java/docker-java-transport-zerodep/3.3.5/docker-java-transport-zerodep-3.3.5.jar:/Users/vikasjain/.m2/repository/com/github/docker-java/docker-java-transport/3.3.5/docker-java-transport-3.3.5.jar:/Users/vikasjain/.m2/repository/net/java/dev/jna/jna/5.13.0/jna-5.13.0.jar:/Users/vikasjain/.m2/repository/org/testcontainers/junit-jupiter/1.19.6/junit-jupiter-1.19.6.jar:/Users/vikasjain/.m2/repository/io/netty/netty-resolver-dns-native-macos/4.1.76.Final/netty-resolver-dns-native-macos-4.1.76.Final-osx-aarch_64.jar:/Users/vikasjain/.m2/repository/io/netty/netty-resolver-dns-classes-macos/4.1.107.Final/netty-resolver-dns-classes-macos-4.1.107.Final.jar:/Users/vikasjain/.m2/repository/io/netty/netty-common/4.1.107.Final/netty-common-4.1.107.Final.jar:/Users/vikasjain/.m2/repository/io/netty/netty-resolver-dns/4.1.107.Final/netty-resolver-dns-4.1.107.Final.jar:/Users/vikasjain/.m2/repository/io/netty/netty-buffer/4.1.107.Final/netty-buffer-4.1.107.Final.jar:/Users/vikasjain/.m2/repository/io/netty/netty-resolver/4.1.107.Final/netty-resolver-4.1.107.Final.jar:/Users/vikasjain/.m2/repository/io/netty/netty-transport/4.1.107.Final/netty-transport-4.1.107.Final.jar:/Users/vikasjain/.m2/repository/io/netty/netty-codec/4.1.107.Final/netty-codec-4.1.107.Final.jar:/Users/vikasjain/.m2/repository/io/netty/netty-codec-dns/4.1.107.Final/netty-codec-dns-4.1.107.Final.jar:/Users/vikasjain/.m2/repository/io/netty/netty-handler/4.1.107.Final/netty-handler-4.1.107.Final.jar:/Users/vikasjain/.m2/repository/io/netty/netty-transport-native-unix-common/4.1.107.Final/netty-transport-native-unix-common-4.1.107.Final.jar:"/>
    <property name="java.vm.vendor" value="Azul Systems, Inc."/>
    <property name="sun.arch.data.model" value="64"/>
    <property name="java.vendor.url" value="http://www.azul.com/"/>
    <property name="user.timezone" value="Asia/Kolkata"/>
    <property name="org.jboss.logging.provider" value="slf4j"/>
    <property name="os.name" value="Mac OS X"/>
    <property name="java.vm.specification.version" value="17"/>
    <property name="sun.java.launcher" value="SUN_STANDARD"/>
    <property name="user.country" value="IN"/>
    <property name="sun.boot.library.path" value="/Users/vikasjain/Library/Java/JavaVirtualMachines/azul-17.0.9/Contents/Home/lib"/>
    <property name="sun.java.command" value="/Users/vikasjain/Downloads/Spring-Projects/Ecommerce/Ecommerce-main/inventory-service/target/surefire/surefirebooter-20240316212906126_12.jar /Users/vikasjain/Downloads/Spring-Projects/Ecommerce/Ecommerce-main/inventory-service/target/surefire 2024-03-16T21-28-26_559-jvmRun1 surefire-20240316212906126_10tmp surefire_2-20240316212906126_11tmp"/>
    <property name="http.nonProxyHosts" value="local|*.local|169.254/16|*.169.254/16"/>
    <property name="jdk.debug" value="release"/>
    <property name="surefire.test.class.path" value="/Users/vikasjain/Downloads/Spring-Projects/Ecommerce/Ecommerce-main/inventory-service/target/test-classes:/Users/vikasjain/Downloads/Spring-Projects/Ecommerce/Ecommerce-main/inventory-service/target/classes:/Users/vikasjain/.m2/repository/org/springframework/cloud/spring-cloud-starter-netflix-eureka-client/4.1.0/spring-cloud-starter-netflix-eureka-client-4.1.0.jar:/Users/vikasjain/.m2/repository/org/springframework/cloud/spring-cloud-starter/4.1.0/spring-cloud-starter-4.1.0.jar:/Users/vikasjain/.m2/repository/org/springframework/cloud/spring-cloud-context/4.1.0/spring-cloud-context-4.1.0.jar:/Users/vikasjain/.m2/repository/org/springframework/security/spring-security-crypto/6.2.2/spring-security-crypto-6.2.2.jar:/Users/vikasjain/.m2/repository/org/springframework/cloud/spring-cloud-commons/4.1.0/spring-cloud-commons-4.1.0.jar:/Users/vikasjain/.m2/repository/org/springframework/security/spring-security-rsa/1.1.1/spring-security-rsa-1.1.1.jar:/Users/vikasjain/.m2/repository/org/bouncycastle/bcprov-jdk18on/1.74/bcprov-jdk18on-1.74.jar:/Users/vikasjain/.m2/repository/org/springframework/cloud/spring-cloud-netflix-eureka-client/4.1.0/spring-cloud-netflix-eureka-client-4.1.0.jar:/Users/vikasjain/.m2/repository/org/apache/httpcomponents/client5/httpclient5/5.2.3/httpclient5-5.2.3.jar:/Users/vikasjain/.m2/repository/org/apache/httpcomponents/core5/httpcore5/5.2.4/httpcore5-5.2.4.jar:/Users/vikasjain/.m2/repository/org/apache/httpcomponents/core5/httpcore5-h2/5.2.4/httpcore5-h2-5.2.4.jar:/Users/vikasjain/.m2/repository/com/netflix/eureka/eureka-client/2.0.1/eureka-client-2.0.1.jar:/Users/vikasjain/.m2/repository/com/netflix/netflix-commons/netflix-eventbus/0.3.0/netflix-eventbus-0.3.0.jar:/Users/vikasjain/.m2/repository/com/netflix/netflix-commons/netflix-infix/0.3.0/netflix-infix-0.3.0.jar:/Users/vikasjain/.m2/repository/commons-jxpath/commons-jxpath/1.3/commons-jxpath-1.3.jar:/Users/vikasjain/.m2/repository/joda-time/joda-time/2.3/joda-time-2.3.jar:/Users/vikasjain/.m2/repository/org/antlr/antlr-runtime/3.4/antlr-runtime-3.4.jar:/Users/vikasjain/.m2/repository/org/antlr/stringtemplate/3.2.1/stringtemplate-3.2.1.jar:/Users/vikasjain/.m2/repository/antlr/antlr/2.7.7/antlr-2.7.7.jar:/Users/vikasjain/.m2/repository/com/google/code/gson/gson/2.10.1/gson-2.10.1.jar:/Users/vikasjain/.m2/repository/org/apache/commons/commons-math/2.2/commons-math-2.2.jar:/Users/vikasjain/.m2/repository/com/thoughtworks/xstream/xstream/1.4.19/xstream-1.4.19.jar:/Users/vikasjain/.m2/repository/io/github/x-stream/mxparser/1.2.2/mxparser-1.2.2.jar:/Users/vikasjain/.m2/repository/xmlpull/xmlpull/1.1.3.1/xmlpull-1.1.3.1.jar:/Users/vikasjain/.m2/repository/jakarta/ws/rs/jakarta.ws.rs-api/3.1.0/jakarta.ws.rs-api-3.1.0.jar:/Users/vikasjain/.m2/repository/jakarta/inject/jakarta.inject-api/2.0.1/jakarta.inject-api-2.0.1.jar:/Users/vikasjain/.m2/repository/jakarta/annotation/jakarta.annotation-api/2.1.1/jakarta.annotation-api-2.1.1.jar:/Users/vikasjain/.m2/repository/com/netflix/servo/servo-core/0.12.21/servo-core-0.12.21.jar:/Users/vikasjain/.m2/repository/com/google/guava/guava/19.0/guava-19.0.jar:/Users/vikasjain/.m2/repository/org/apache/httpcomponents/httpclient/4.5.3/httpclient-4.5.3.jar:/Users/vikasjain/.m2/repository/org/apache/httpcomponents/httpcore/4.4.16/httpcore-4.4.16.jar:/Users/vikasjain/.m2/repository/commons-codec/commons-codec/1.16.1/commons-codec-1.16.1.jar:/Users/vikasjain/.m2/repository/commons-configuration/commons-configuration/1.10/commons-configuration-1.10.jar:/Users/vikasjain/.m2/repository/commons-lang/commons-lang/2.6/commons-lang-2.6.jar:/Users/vikasjain/.m2/repository/com/fasterxml/jackson/core/jackson-annotations/2.15.4/jackson-annotations-2.15.4.jar:/Users/vikasjain/.m2/repository/com/fasterxml/jackson/core/jackson-databind/2.15.4/jackson-databind-2.15.4.jar:/Users/vikasjain/.m2/repository/org/codehaus/jettison/jettison/1.4.0/jettison-1.4.0.jar:/Users/vikasjain/.m2/repository/com/netflix/eureka/eureka-core/2.0.1/eureka-core-2.0.1.jar:/Users/vikasjain/.m2/repository/com/fasterxml/woodstox/woodstox-core/6.2.1/woodstox-core-6.2.1.jar:/Users/vikasjain/.m2/repository/org/codehaus/woodstox/stax2-api/4.2.1/stax2-api-4.2.1.jar:/Users/vikasjain/.m2/repository/org/springframework/cloud/spring-cloud-starter-loadbalancer/4.1.0/spring-cloud-starter-loadbalancer-4.1.0.jar:/Users/vikasjain/.m2/repository/org/springframework/cloud/spring-cloud-loadbalancer/4.1.0/spring-cloud-loadbalancer-4.1.0.jar:/Users/vikasjain/.m2/repository/io/projectreactor/addons/reactor-extra/3.5.1/reactor-extra-3.5.1.jar:/Users/vikasjain/.m2/repository/org/springframework/boot/spring-boot-starter-cache/3.2.3/spring-boot-starter-cache-3.2.3.jar:/Users/vikasjain/.m2/repository/org/springframework/spring-context-support/6.1.4/spring-context-support-6.1.4.jar:/Users/vikasjain/.m2/repository/com/stoyanr/evictor/1.0.0/evictor-1.0.0.jar:/Users/vikasjain/.m2/repository/org/springframework/boot/spring-boot-starter-data-jpa/3.2.3/spring-boot-starter-data-jpa-3.2.3.jar:/Users/vikasjain/.m2/repository/org/springframework/boot/spring-boot-starter-aop/3.2.3/spring-boot-starter-aop-3.2.3.jar:/Users/vikasjain/.m2/repository/org/springframework/spring-aop/6.1.4/spring-aop-6.1.4.jar:/Users/vikasjain/.m2/repository/org/aspectj/aspectjweaver/1.9.21/aspectjweaver-1.9.21.jar:/Users/vikasjain/.m2/repository/org/springframework/boot/spring-boot-starter-jdbc/3.2.3/spring-boot-starter-jdbc-3.2.3.jar:/Users/vikasjain/.m2/repository/com/zaxxer/HikariCP/5.0.1/HikariCP-5.0.1.jar:/Users/vikasjain/.m2/repository/org/springframework/spring-jdbc/6.1.4/spring-jdbc-6.1.4.jar:/Users/vikasjain/.m2/repository/org/hibernate/orm/hibernate-core/6.4.4.Final/hibernate-core-6.4.4.Final.jar:/Users/vikasjain/.m2/repository/jakarta/persistence/jakarta.persistence-api/3.1.0/jakarta.persistence-api-3.1.0.jar:/Users/vikasjain/.m2/repository/jakarta/transaction/jakarta.transaction-api/2.0.1/jakarta.transaction-api-2.0.1.jar:/Users/vikasjain/.m2/repository/org/jboss/logging/jboss-logging/3.5.3.Final/jboss-logging-3.5.3.Final.jar:/Users/vikasjain/.m2/repository/org/hibernate/common/hibernate-commons-annotations/6.0.6.Final/hibernate-commons-annotations-6.0.6.Final.jar:/Users/vikasjain/.m2/repository/io/smallrye/jandex/3.1.2/jandex-3.1.2.jar:/Users/vikasjain/.m2/repository/com/fasterxml/classmate/1.6.0/classmate-1.6.0.jar:/Users/vikasjain/.m2/repository/net/bytebuddy/byte-buddy/1.14.12/byte-buddy-1.14.12.jar:/Users/vikasjain/.m2/repository/org/glassfish/jaxb/jaxb-runtime/4.0.4/jaxb-runtime-4.0.4.jar:/Users/vikasjain/.m2/repository/org/glassfish/jaxb/jaxb-core/4.0.4/jaxb-core-4.0.4.jar:/Users/vikasjain/.m2/repository/org/eclipse/angus/angus-activation/2.0.1/angus-activation-2.0.1.jar:/Users/vikasjain/.m2/repository/org/glassfish/jaxb/txw2/4.0.4/txw2-4.0.4.jar:/Users/vikasjain/.m2/repository/com/sun/istack/istack-commons-runtime/4.1.2/istack-commons-runtime-4.1.2.jar:/Users/vikasjain/.m2/repository/org/antlr/antlr4-runtime/4.13.0/antlr4-runtime-4.13.0.jar:/Users/vikasjain/.m2/repository/org/springframework/data/spring-data-jpa/3.2.3/spring-data-jpa-3.2.3.jar:/Users/vikasjain/.m2/repository/org/springframework/data/spring-data-commons/3.2.3/spring-data-commons-3.2.3.jar:/Users/vikasjain/.m2/repository/org/springframework/spring-orm/6.1.4/spring-orm-6.1.4.jar:/Users/vikasjain/.m2/repository/org/springframework/spring-context/6.1.4/spring-context-6.1.4.jar:/Users/vikasjain/.m2/repository/org/springframework/spring-tx/6.1.4/spring-tx-6.1.4.jar:/Users/vikasjain/.m2/repository/org/springframework/spring-beans/6.1.4/spring-beans-6.1.4.jar:/Users/vikasjain/.m2/repository/org/springframework/spring-aspects/6.1.4/spring-aspects-6.1.4.jar:/Users/vikasjain/.m2/repository/io/micrometer/micrometer-tracing-bridge-brave/1.2.3/micrometer-tracing-bridge-brave-1.2.3.jar:/Users/vikasjain/.m2/repository/io/micrometer/micrometer-tracing/1.2.3/micrometer-tracing-1.2.3.jar:/Users/vikasjain/.m2/repository/io/micrometer/micrometer-observation/1.12.3/micrometer-observation-1.12.3.jar:/Users/vikasjain/.m2/repository/io/micrometer/micrometer-commons/1.12.3/micrometer-commons-1.12.3.jar:/Users/vikasjain/.m2/repository/io/micrometer/context-propagation/1.1.1/context-propagation-1.1.1.jar:/Users/vikasjain/.m2/repository/aopalliance/aopalliance/1.0/aopalliance-1.0.jar:/Users/vikasjain/.m2/repository/org/slf4j/slf4j-api/2.0.12/slf4j-api-2.0.12.jar:/Users/vikasjain/.m2/repository/io/zipkin/brave/brave/5.16.0/brave-5.16.0.jar:/Users/vikasjain/.m2/repository/io/zipkin/brave/brave-context-slf4j/5.16.0/brave-context-slf4j-5.16.0.jar:/Users/vikasjain/.m2/repository/io/zipkin/brave/brave-instrumentation-http/5.16.0/brave-instrumentation-http-5.16.0.jar:/Users/vikasjain/.m2/repository/io/zipkin/aws/brave-propagation-aws/0.23.5/brave-propagation-aws-0.23.5.jar:/Users/vikasjain/.m2/repository/io/zipkin/reporter2/zipkin-reporter-brave/2.16.3/zipkin-reporter-brave-2.16.3.jar:/Users/vikasjain/.m2/repository/io/zipkin/reporter2/zipkin-reporter/2.16.3/zipkin-reporter-2.16.3.jar:/Users/vikasjain/.m2/repository/io/zipkin/zipkin2/zipkin/2.23.2/zipkin-2.23.2.jar:/Users/vikasjain/.m2/repository/com/mysql/mysql-connector-j/8.0.33/mysql-connector-j-8.0.33.jar:/Users/vikasjain/.m2/repository/org/springframework/boot/spring-boot-starter-web/3.2.3/spring-boot-starter-web-3.2.3.jar:/Users/vikasjain/.m2/repository/org/springframework/boot/spring-boot-starter/3.2.3/spring-boot-starter-3.2.3.jar:/Users/vikasjain/.m2/repository/org/springframework/boot/spring-boot/3.2.3/spring-boot-3.2.3.jar:/Users/vikasjain/.m2/repository/org/springframework/boot/spring-boot-autoconfigure/3.2.3/spring-boot-autoconfigure-3.2.3.jar:/Users/vikasjain/.m2/repository/org/springframework/boot/spring-boot-starter-logging/3.2.3/spring-boot-starter-logging-3.2.3.jar:/Users/vikasjain/.m2/repository/ch/qos/logback/logback-classic/1.4.14/logback-classic-1.4.14.jar:/Users/vikasjain/.m2/repository/ch/qos/logback/logback-core/1.4.14/logback-core-1.4.14.jar:/Users/vikasjain/.m2/repository/org/apache/logging/log4j/log4j-to-slf4j/2.21.1/log4j-to-slf4j-2.21.1.jar:/Users/vikasjain/.m2/repository/org/apache/logging/log4j/log4j-api/2.21.1/log4j-api-2.21.1.jar:/Users/vikasjain/.m2/repository/org/slf4j/jul-to-slf4j/2.0.12/jul-to-slf4j-2.0.12.jar:/Users/vikasjain/.m2/repository/org/yaml/snakeyaml/2.2/snakeyaml-2.2.jar:/Users/vikasjain/.m2/repository/org/springframework/boot/spring-boot-starter-json/3.2.3/spring-boot-starter-json-3.2.3.jar:/Users/vikasjain/.m2/repository/com/fasterxml/jackson/datatype/jackson-datatype-jdk8/2.15.4/jackson-datatype-jdk8-2.15.4.jar:/Users/vikasjain/.m2/repository/com/fasterxml/jackson/datatype/jackson-datatype-jsr310/2.15.4/jackson-datatype-jsr310-2.15.4.jar:/Users/vikasjain/.m2/repository/com/fasterxml/jackson/module/jackson-module-parameter-names/2.15.4/jackson-module-parameter-names-2.15.4.jar:/Users/vikasjain/.m2/repository/org/springframework/boot/spring-boot-starter-tomcat/3.2.3/spring-boot-starter-tomcat-3.2.3.jar:/Users/vikasjain/.m2/repository/org/apache/tomcat/embed/tomcat-embed-core/10.1.19/tomcat-embed-core-10.1.19.jar:/Users/vikasjain/.m2/repository/org/apache/tomcat/embed/tomcat-embed-el/10.1.19/tomcat-embed-el-10.1.19.jar:/Users/vikasjain/.m2/repository/org/apache/tomcat/embed/tomcat-embed-websocket/10.1.19/tomcat-embed-websocket-10.1.19.jar:/Users/vikasjain/.m2/repository/org/springframework/spring-web/6.1.4/spring-web-6.1.4.jar:/Users/vikasjain/.m2/repository/org/springframework/spring-webmvc/6.1.4/spring-webmvc-6.1.4.jar:/Users/vikasjain/.m2/repository/org/springframework/spring-expression/6.1.4/spring-expression-6.1.4.jar:/Users/vikasjain/.m2/repository/org/springframework/boot/spring-boot-starter-webflux/3.2.3/spring-boot-starter-webflux-3.2.3.jar:/Users/vikasjain/.m2/repository/org/springframework/boot/spring-boot-starter-reactor-netty/3.2.3/spring-boot-starter-reactor-netty-3.2.3.jar:/Users/vikasjain/.m2/repository/io/projectreactor/netty/reactor-netty-http/1.1.16/reactor-netty-http-1.1.16.jar:/Users/vikasjain/.m2/repository/io/netty/netty-codec-http/4.1.107.Final/netty-codec-http-4.1.107.Final.jar:/Users/vikasjain/.m2/repository/io/netty/netty-codec-http2/4.1.107.Final/netty-codec-http2-4.1.107.Final.jar:/Users/vikasjain/.m2/repository/io/netty/netty-resolver-dns-native-macos/4.1.107.Final/netty-resolver-dns-native-macos-4.1.107.Final-osx-x86_64.jar:/Users/vikasjain/.m2/repository/io/netty/netty-transport-native-epoll/4.1.107.Final/netty-transport-native-epoll-4.1.107.Final-linux-x86_64.jar:/Users/vikasjain/.m2/repository/io/netty/netty-transport-classes-epoll/4.1.107.Final/netty-transport-classes-epoll-4.1.107.Final.jar:/Users/vikasjain/.m2/repository/io/projectreactor/netty/reactor-netty-core/1.1.16/reactor-netty-core-1.1.16.jar:/Users/vikasjain/.m2/repository/io/netty/netty-handler-proxy/4.1.107.Final/netty-handler-proxy-4.1.107.Final.jar:/Users/vikasjain/.m2/repository/io/netty/netty-codec-socks/4.1.107.Final/netty-codec-socks-4.1.107.Final.jar:/Users/vikasjain/.m2/repository/org/springframework/spring-webflux/6.1.4/spring-webflux-6.1.4.jar:/Users/vikasjain/.m2/repository/io/projectreactor/reactor-core/3.6.3/reactor-core-3.6.3.jar:/Users/vikasjain/.m2/repository/org/reactivestreams/reactive-streams/1.0.4/reactive-streams-1.0.4.jar:/Users/vikasjain/.m2/repository/com/fasterxml/jackson/core/jackson-core/2.16.1/jackson-core-2.16.1.jar:/Users/vikasjain/.m2/repository/org/projectlombok/lombok/1.18.30/lombok-1.18.30.jar:/Users/vikasjain/.m2/repository/org/springframework/boot/spring-boot-starter-test/3.2.3/spring-boot-starter-test-3.2.3.jar:/Users/vikasjain/.m2/repository/org/springframework/boot/spring-boot-test/3.2.3/spring-boot-test-3.2.3.jar:/Users/vikasjain/.m2/repository/org/springframework/boot/spring-boot-test-autoconfigure/3.2.3/spring-boot-test-autoconfigure-3.2.3.jar:/Users/vikasjain/.m2/repository/com/jayway/jsonpath/json-path/2.9.0/json-path-2.9.0.jar:/Users/vikasjain/.m2/repository/jakarta/xml/bind/jakarta.xml.bind-api/4.0.1/jakarta.xml.bind-api-4.0.1.jar:/Users/vikasjain/.m2/repository/jakarta/activation/jakarta.activation-api/2.1.2/jakarta.activation-api-2.1.2.jar:/Users/vikasjain/.m2/repository/net/minidev/json-smart/2.5.0/json-smart-2.5.0.jar:/Users/vikasjain/.m2/repository/net/minidev/accessors-smart/2.5.0/accessors-smart-2.5.0.jar:/Users/vikasjain/.m2/repository/org/ow2/asm/asm/9.3/asm-9.3.jar:/Users/vikasjain/.m2/repository/org/assertj/assertj-core/3.24.2/assertj-core-3.24.2.jar:/Users/vikasjain/.m2/repository/org/awaitility/awaitility/4.2.0/awaitility-4.2.0.jar:/Users/vikasjain/.m2/repository/org/hamcrest/hamcrest/2.2/hamcrest-2.2.jar:/Users/vikasjain/.m2/repository/org/junit/jupiter/junit-jupiter/5.10.2/junit-jupiter-5.10.2.jar:/Users/vikasjain/.m2/repository/org/junit/jupiter/junit-jupiter-api/5.10.2/junit-jupiter-api-5.10.2.jar:/Users/vikasjain/.m2/repository/org/opentest4j/opentest4j/1.3.0/opentest4j-1.3.0.jar:/Users/vikasjain/.m2/repository/org/junit/platform/junit-platform-commons/1.10.2/junit-platform-commons-1.10.2.jar:/Users/vikasjain/.m2/repository/org/apiguardian/apiguardian-api/1.1.2/apiguardian-api-1.1.2.jar:/Users/vikasjain/.m2/repository/org/junit/jupiter/junit-jupiter-params/5.10.2/junit-jupiter-params-5.10.2.jar:/Users/vikasjain/.m2/repository/org/junit/jupiter/junit-jupiter-engine/5.10.2/junit-jupiter-engine-5.10.2.jar:/Users/vikasjain/.m2/repository/org/junit/platform/junit-platform-engine/1.10.2/junit-platform-engine-1.10.2.jar:/Users/vikasjain/.m2/repository/org/mockito/mockito-core/5.7.0/mockito-core-5.7.0.jar:/Users/vikasjain/.m2/repository/net/bytebuddy/byte-buddy-agent/1.14.12/byte-buddy-agent-1.14.12.jar:/Users/vikasjain/.m2/repository/org/objenesis/objenesis/3.3/objenesis-3.3.jar:/Users/vikasjain/.m2/repository/org/mockito/mockito-junit-jupiter/5.7.0/mockito-junit-jupiter-5.7.0.jar:/Users/vikasjain/.m2/repository/org/skyscreamer/jsonassert/1.5.1/jsonassert-1.5.1.jar:/Users/vikasjain/.m2/repository/com/vaadin/external/google/android-json/0.0.20131108.vaadin1/android-json-0.0.20131108.vaadin1.jar:/Users/vikasjain/.m2/repository/org/springframework/spring-core/6.1.4/spring-core-6.1.4.jar:/Users/vikasjain/.m2/repository/org/springframework/spring-jcl/6.1.4/spring-jcl-6.1.4.jar:/Users/vikasjain/.m2/repository/org/springframework/spring-test/6.1.4/spring-test-6.1.4.jar:/Users/vikasjain/.m2/repository/org/xmlunit/xmlunit-core/2.9.1/xmlunit-core-2.9.1.jar:/Users/vikasjain/.m2/repository/org/testcontainers/mongodb/1.19.6/mongodb-1.19.6.jar:/Users/vikasjain/.m2/repository/org/testcontainers/testcontainers/1.19.6/testcontainers-1.19.6.jar:/Users/vikasjain/.m2/repository/junit/junit/4.13.2/junit-4.13.2.jar:/Users/vikasjain/.m2/repository/org/hamcrest/hamcrest-core/2.2/hamcrest-core-2.2.jar:/Users/vikasjain/.m2/repository/org/apache/commons/commons-compress/1.24.0/commons-compress-1.24.0.jar:/Users/vikasjain/.m2/repository/org/rnorth/duct-tape/duct-tape/1.0.8/duct-tape-1.0.8.jar:/Users/vikasjain/.m2/repository/org/jetbrains/annotations/17.0.0/annotations-17.0.0.jar:/Users/vikasjain/.m2/repository/com/github/docker-java/docker-java-api/3.3.5/docker-java-api-3.3.5.jar:/Users/vikasjain/.m2/repository/com/github/docker-java/docker-java-transport-zerodep/3.3.5/docker-java-transport-zerodep-3.3.5.jar:/Users/vikasjain/.m2/repository/com/github/docker-java/docker-java-transport/3.3.5/docker-java-transport-3.3.5.jar:/Users/vikasjain/.m2/repository/net/java/dev/jna/jna/5.13.0/jna-5.13.0.jar:/Users/vikasjain/.m2/repository/org/testcontainers/junit-jupiter/1.19.6/junit-jupiter-1.19.6.jar:/Users/vikasjain/.m2/repository/io/netty/netty-resolver-dns-native-macos/4.1.76.Final/netty-resolver-dns-native-macos-4.1.76.Final-osx-aarch_64.jar:/Users/vikasjain/.m2/repository/io/netty/netty-resolver-dns-classes-macos/4.1.107.Final/netty-resolver-dns-classes-macos-4.1.107.Final.jar:/Users/vikasjain/.m2/repository/io/netty/netty-common/4.1.107.Final/netty-common-4.1.107.Final.jar:/Users/vikasjain/.m2/repository/io/netty/netty-resolver-dns/4.1.107.Final/netty-resolver-dns-4.1.107.Final.jar:/Users/vikasjain/.m2/repository/io/netty/netty-buffer/4.1.107.Final/netty-buffer-4.1.107.Final.jar:/Users/vikasjain/.m2/repository/io/netty/netty-resolver/4.1.107.Final/netty-resolver-4.1.107.Final.jar:/Users/vikasjain/.m2/repository/io/netty/netty-transport/4.1.107.Final/netty-transport-4.1.107.Final.jar:/Users/vikasjain/.m2/repository/io/netty/netty-codec/4.1.107.Final/netty-codec-4.1.107.Final.jar:/Users/vikasjain/.m2/repository/io/netty/netty-codec-dns/4.1.107.Final/netty-codec-dns-4.1.107.Final.jar:/Users/vikasjain/.m2/repository/io/netty/netty-handler/4.1.107.Final/netty-handler-4.1.107.Final.jar:/Users/vikasjain/.m2/repository/io/netty/netty-transport-native-unix-common/4.1.107.Final/netty-transport-native-unix-common-4.1.107.Final.jar:"/>
    <property name="sun.cpu.endian" value="little"/>
    <property name="user.home" value="/Users/vikasjain"/>
    <property name="user.language" value="en"/>
    <property name="java.specification.vendor" value="Oracle Corporation"/>
    <property name="java.version.date" value="2023-10-17"/>
    <property name="java.home" value="/Users/vikasjain/Library/Java/JavaVirtualMachines/azul-17.0.9/Contents/Home"/>
    <property name="file.separator" value="/"/>
    <property name="basedir" value="/Users/vikasjain/Downloads/Spring-Projects/Ecommerce/Ecommerce-main/inventory-service"/>
    <property name="java.vm.compressedOopsMode" value="Zero based"/>
    <property name="line.separator" value="&#10;"/>
    <property name="java.vm.specification.vendor" value="Oracle Corporation"/>
    <property name="java.specification.name" value="Java Platform API Specification"/>
    <property name="FILE_LOG_CHARSET" value="UTF-8"/>
    <property name="java.awt.headless" value="true"/>
    <property name="surefire.real.class.path" value="/Users/vikasjain/Downloads/Spring-Projects/Ecommerce/Ecommerce-main/inventory-service/target/surefire/surefirebooter-20240316212906126_12.jar"/>
    <property name="sun.management.compiler" value="HotSpot 64-Bit Tiered Compilers"/>
    <property name="ftp.nonProxyHosts" value="local|*.local|169.254/16|*.169.254/16"/>
    <property name="java.runtime.version" value="17.0.9+8-LTS"/>
    <property name="user.name" value="vikasjain"/>
    <property name="path.separator" value=":"/>
    <property name="os.version" value="14.2.1"/>
    <property name="java.runtime.name" value="OpenJDK Runtime Environment"/>
    <property name="file.encoding" value="UTF-8"/>
    <property name="java.vm.name" value="OpenJDK 64-Bit Server VM"/>
    <property name="java.vendor.version" value="Zulu17.46+19-CA"/>
    <property name="localRepository" value="/Users/vikasjain/.m2/repository"/>
    <property name="java.vendor.url.bug" value="http://www.azul.com/support/"/>
    <property name="java.io.tmpdir" value="/var/folders/71/g2zplp2x61s7xkll_ckrk_cc0000gn/T/"/>
    <property name="idea.version" value="2021.1.2"/>
    <property name="com.zaxxer.hikari.pool_number" value="1"/>
    <property name="java.version" value="17.0.9"/>
    <property name="user.dir" value="/Users/vikasjain/Downloads/Spring-Projects/Ecommerce/Ecommerce-main/inventory-service"/>
    <property name="os.arch" value="aarch64"/>
    <property name="java.vm.specification.name" value="Java Virtual Machine Specification"/>
    <property name="PID" value="46633"/>
    <property name="CONSOLE_LOG_CHARSET" value="UTF-8"/>
    <property name="native.encoding" value="UTF-8"/>
    <property name="java.library.path" value="/Users/vikasjain/Library/Java/Extensions:/Library/Java/Extensions:/Network/Library/Java/Extensions:/System/Library/Java/Extensions:/usr/lib/java:."/>
    <property name="java.vm.info" value="mixed mode, sharing"/>
    <property name="java.vendor" value="Azul Systems, Inc."/>
    <property name="java.vm.version" value="17.0.9+8-LTS"/>
    <property name="sun.io.unicode.encoding" value="UnicodeBig"/>
    <property name="socksNonProxyHosts" value="local|*.local|169.254/16|*.169.254/16"/>
    <property name="java.class.version" value="61.0"/>
    <property name="LOGGED_APPLICATION_NAME" value="[inventory-service] "/>
  </properties>
  <testcase name="contextLoads" classname="com.ecommerce.inventory.InventoryApplicationTests" time="0.355">
    <system-out><![CDATA[21:29:06.642 [main] INFO org.springframework.test.context.support.AnnotationConfigContextLoaderUtils -- Could not detect default configuration classes for test class [com.ecommerce.inventory.InventoryApplicationTests]: InventoryApplicationTests does not declare any static, non-private, non-final, nested classes annotated with @Configuration.
21:29:06.702 [main] INFO org.springframework.boot.test.context.SpringBootTestContextBootstrapper -- Found @SpringBootConfiguration com.ecommerce.inventory.InventoryApplication for test class com.ecommerce.inventory.InventoryApplicationTests

  .   ____          _            __ _ _
 /\\ / ___'_ __ _ _(_)_ __  __ _ \ \ \ \
( ( )\___ | '_ | '_| | '_ \/ _` | \ \ \ \
 \\/  ___)| |_)| | | | | || (_| |  ) ) ) )
  '  |____| .__|_| |_|_| |_\__, | / / / /
 =========|_|==============|___/=/_/_/_/
 :: Spring Boot ::                (v3.2.3)

2024-03-16T21:29:06.971+05:30  INFO 46633 --- [inventory-service] [           main] c.e.inventory.InventoryApplicationTests  : Starting InventoryApplicationTests using Java 17.0.9 with PID 46633 (started by vikasjain in /Users/vikasjain/Downloads/Spring-Projects/Ecommerce/Ecommerce-main/inventory-service)
2024-03-16T21:29:06.972+05:30  INFO 46633 --- [inventory-service] [           main] c.e.inventory.InventoryApplicationTests  : No active profile set, falling back to 1 default profile: "default"
2024-03-16T21:29:07.490+05:30  INFO 46633 --- [inventory-service] [           main] .s.d.r.c.RepositoryConfigurationDelegate : Bootstrapping Spring Data JPA repositories in DEFAULT mode.
2024-03-16T21:29:07.580+05:30  INFO 46633 --- [inventory-service] [           main] .s.d.r.c.RepositoryConfigurationDelegate : Finished Spring Data repository scanning in 86 ms. Found 1 JPA repository interface.
2024-03-16T21:29:07.735+05:30  INFO 46633 --- [inventory-service] [           main] o.s.cloud.context.scope.GenericScope     : BeanFactory id=b70a4e54-5874-376e-8e86-b4b9b1b2d29b
2024-03-16T21:29:07.834+05:30  WARN 46633 --- [inventory-service] [           main] trationDelegate$BeanPostProcessorChecker : Bean 'org.springframework.cloud.client.loadbalancer.LoadBalancerAutoConfiguration$LoadBalancerInterceptorConfig' of type [org.springframework.cloud.client.loadbalancer.LoadBalancerAutoConfiguration$LoadBalancerInterceptorConfig] is not eligible for getting processed by all BeanPostProcessors (for example: not eligible for auto-proxying). The currently created BeanPostProcessor [lbRestClientPostProcessor] is declared through a non-static factory method on that class; consider declaring it as static instead.
2024-03-16T21:29:07.837+05:30  WARN 46633 --- [inventory-service] [           main] trationDelegate$BeanPostProcessorChecker : Bean 'org.springframework.cloud.loadbalancer.config.BlockingLoadBalancerClientAutoConfiguration' of type [org.springframework.cloud.loadbalancer.config.BlockingLoadBalancerClientAutoConfiguration] is not eligible for getting processed by all BeanPostProcessors (for example: not eligible for auto-proxying). Is this bean getting eagerly injected into a currently created BeanPostProcessor [lbRestClientPostProcessor]? Check the corresponding BeanPostProcessor declaration and its dependencies.
2024-03-16T21:29:07.838+05:30  WARN 46633 --- [inventory-service] [           main] trationDelegate$BeanPostProcessorChecker : Bean 'org.springframework.cloud.loadbalancer.config.LoadBalancerAutoConfiguration' of type [org.springframework.cloud.loadbalancer.config.LoadBalancerAutoConfiguration] is not eligible for getting processed by all BeanPostProcessors (for example: not eligible for auto-proxying). Is this bean getting eagerly injected into a currently created BeanPostProcessor [lbRestClientPostProcessor]? Check the corresponding BeanPostProcessor declaration and its dependencies.
2024-03-16T21:29:07.842+05:30  WARN 46633 --- [inventory-service] [           main] trationDelegate$BeanPostProcessorChecker : Bean 'org.springframework.cloud.commons.config.CommonsConfigAutoConfiguration' of type [org.springframework.cloud.commons.config.CommonsConfigAutoConfiguration] is not eligible for getting processed by all BeanPostProcessors (for example: not eligible for auto-proxying). Is this bean getting eagerly injected into a currently created BeanPostProcessor [lbRestClientPostProcessor]? Check the corresponding BeanPostProcessor declaration and its dependencies.
2024-03-16T21:29:07.843+05:30  WARN 46633 --- [inventory-service] [           main] trationDelegate$BeanPostProcessorChecker : Bean 'org.springframework.cloud.client.loadbalancer.LoadBalancerDefaultMappingsProviderAutoConfiguration' of type [org.springframework.cloud.client.loadbalancer.LoadBalancerDefaultMappingsProviderAutoConfiguration] is not eligible for getting processed by all BeanPostProcessors (for example: not eligible for auto-proxying). Is this bean getting eagerly injected into a currently created BeanPostProcessor [lbRestClientPostProcessor]? Check the corresponding BeanPostProcessor declaration and its dependencies.
2024-03-16T21:29:07.843+05:30  WARN 46633 --- [inventory-service] [           main] trationDelegate$BeanPostProcessorChecker : Bean 'loadBalancerClientsDefaultsMappingsProvider' of type [org.springframework.cloud.client.loadbalancer.LoadBalancerDefaultMappingsProviderAutoConfiguration$$Lambda$946/0x0000000601436ef0] is not eligible for getting processed by all BeanPostProcessors (for example: not eligible for auto-proxying). Is this bean getting eagerly injected into a currently created BeanPostProcessor [lbRestClientPostProcessor]? Check the corresponding BeanPostProcessor declaration and its dependencies.
2024-03-16T21:29:07.844+05:30  WARN 46633 --- [inventory-service] [           main] trationDelegate$BeanPostProcessorChecker : Bean 'defaultsBindHandlerAdvisor' of type [org.springframework.cloud.commons.config.DefaultsBindHandlerAdvisor] is not eligible for getting processed by all BeanPostProcessors (for example: not eligible for auto-proxying). Is this bean getting eagerly injected into a currently created BeanPostProcessor [lbRestClientPostProcessor]? Check the corresponding BeanPostProcessor declaration and its dependencies.
2024-03-16T21:29:07.849+05:30  WARN 46633 --- [inventory-service] [           main] trationDelegate$BeanPostProcessorChecker : Bean 'spring.cloud.loadbalancer-org.springframework.cloud.client.loadbalancer.LoadBalancerClientsProperties' of type [org.springframework.cloud.client.loadbalancer.LoadBalancerClientsProperties] is not eligible for getting processed by all BeanPostProcessors (for example: not eligible for auto-proxying). Is this bean getting eagerly injected into a currently created BeanPostProcessor [lbRestClientPostProcessor]? Check the corresponding BeanPostProcessor declaration and its dependencies.
2024-03-16T21:29:07.854+05:30  WARN 46633 --- [inventory-service] [           main] trationDelegate$BeanPostProcessorChecker : Bean 'default.org.springframework.cloud.loadbalancer.config.LoadBalancerAutoConfiguration.LoadBalancerClientSpecification' of type [org.springframework.cloud.loadbalancer.annotation.LoadBalancerClientSpecification] is not eligible for getting processed by all BeanPostProcessors (for example: not eligible for auto-proxying). Is this bean getting eagerly injected into a currently created BeanPostProcessor [lbRestClientPostProcessor]? Check the corresponding BeanPostProcessor declaration and its dependencies.
2024-03-16T21:29:07.854+05:30  WARN 46633 --- [inventory-service] [           main] trationDelegate$BeanPostProcessorChecker : Bean 'default.org.springframework.cloud.loadbalancer.config.BlockingLoadBalancerClientAutoConfiguration.LoadBalancerClientSpecification' of type [org.springframework.cloud.loadbalancer.annotation.LoadBalancerClientSpecification] is not eligible for getting processed by all BeanPostProcessors (for example: not eligible for auto-proxying). Is this bean getting eagerly injected into a currently created BeanPostProcessor [lbRestClientPostProcessor]? Check the corresponding BeanPostProcessor declaration and its dependencies.
2024-03-16T21:29:07.855+05:30  WARN 46633 --- [inventory-service] [           main] trationDelegate$BeanPostProcessorChecker : Bean 'default.org.springframework.cloud.netflix.eureka.loadbalancer.LoadBalancerEurekaAutoConfiguration.LoadBalancerClientSpecification' of type [org.springframework.cloud.loadbalancer.annotation.LoadBalancerClientSpecification] is not eligible for getting processed by all BeanPostProcessors (for example: not eligible for auto-proxying). Is this bean getting eagerly injected into a currently created BeanPostProcessor [lbRestClientPostProcessor]? Check the corresponding BeanPostProcessor declaration and its dependencies.
2024-03-16T21:29:07.856+05:30  WARN 46633 --- [inventory-service] [           main] trationDelegate$BeanPostProcessorChecker : Bean 'loadBalancerClientFactory' of type [org.springframework.cloud.loadbalancer.support.LoadBalancerClientFactory] is not eligible for getting processed by all BeanPostProcessors (for example: not eligible for auto-proxying). Is this bean getting eagerly injected into a currently created BeanPostProcessor [lbRestClientPostProcessor]? Check the corresponding BeanPostProcessor declaration and its dependencies.
2024-03-16T21:29:07.858+05:30  WARN 46633 --- [inventory-service] [           main] trationDelegate$BeanPostProcessorChecker : Bean 'blockingLoadBalancerClient' of type [org.springframework.cloud.loadbalancer.blocking.client.BlockingLoadBalancerClient] is not eligible for getting processed by all BeanPostProcessors (for example: not eligible for auto-proxying). Is this bean getting eagerly injected into a currently created BeanPostProcessor [lbRestClientPostProcessor]? Check the corresponding BeanPostProcessor declaration and its dependencies.
2024-03-16T21:29:07.862+05:30  WARN 46633 --- [inventory-service] [           main] trationDelegate$BeanPostProcessorChecker : Bean 'loadBalancerServiceInstanceCookieTransformer' of type [org.springframework.cloud.loadbalancer.core.LoadBalancerServiceInstanceCookieTransformer] is not eligible for getting processed by all BeanPostProcessors (for example: not eligible for auto-proxying). Is this bean getting eagerly injected into a currently created BeanPostProcessor [lbRestClientPostProcessor]? Check the corresponding BeanPostProcessor declaration and its dependencies.
2024-03-16T21:29:07.863+05:30  WARN 46633 --- [inventory-service] [           main] trationDelegate$BeanPostProcessorChecker : Bean 'xForwarderHeadersTransformer' of type [org.springframework.cloud.loadbalancer.blocking.XForwardedHeadersTransformer] is not eligible for getting processed by all BeanPostProcessors (for example: not eligible for auto-proxying). Is this bean getting eagerly injected into a currently created BeanPostProcessor [lbRestClientPostProcessor]? Check the corresponding BeanPostProcessor declaration and its dependencies.
2024-03-16T21:29:07.864+05:30  WARN 46633 --- [inventory-service] [           main] trationDelegate$BeanPostProcessorChecker : Bean 'org.springframework.cloud.client.loadbalancer.LoadBalancerAutoConfiguration' of type [org.springframework.cloud.client.loadbalancer.LoadBalancerAutoConfiguration] is not eligible for getting processed by all BeanPostProcessors (for example: not eligible for auto-proxying). Is this bean getting eagerly injected into a currently created BeanPostProcessor [lbRestClientPostProcessor]? Check the corresponding BeanPostProcessor declaration and its dependencies.
2024-03-16T21:29:07.864+05:30  WARN 46633 --- [inventory-service] [           main] trationDelegate$BeanPostProcessorChecker : Bean 'loadBalancerRequestFactory' of type [org.springframework.cloud.client.loadbalancer.LoadBalancerRequestFactory] is not eligible for getting processed by all BeanPostProcessors (for example: not eligible for auto-proxying). Is this bean getting eagerly injected into a currently created BeanPostProcessor [lbRestClientPostProcessor]? Check the corresponding BeanPostProcessor declaration and its dependencies.
2024-03-16T21:29:07.865+05:30  WARN 46633 --- [inventory-service] [           main] trationDelegate$BeanPostProcessorChecker : Bean 'loadBalancerInterceptor' of type [org.springframework.cloud.client.loadbalancer.LoadBalancerInterceptor] is not eligible for getting processed by all BeanPostProcessors (for example: not eligible for auto-proxying). Is this bean getting eagerly injected into a currently created BeanPostProcessor [lbRestClientPostProcessor]? Check the corresponding BeanPostProcessor declaration and its dependencies.
2024-03-16T21:29:07.866+05:30  WARN 46633 --- [inventory-service] [           main] trationDelegate$BeanPostProcessorChecker : Bean 'org.springframework.cloud.client.loadbalancer.reactive.LoadBalancerBeanPostProcessorAutoConfiguration' of type [org.springframework.cloud.client.loadbalancer.reactive.LoadBalancerBeanPostProcessorAutoConfiguration] is not eligible for getting processed by all BeanPostProcessors (for example: not eligible for auto-proxying). The currently created BeanPostProcessor [loadBalancerWebClientBuilderBeanPostProcessor] is declared through a non-static factory method on that class; consider declaring it as static instead.
2024-03-16T21:29:07.867+05:30  WARN 46633 --- [inventory-service] [           main] trationDelegate$BeanPostProcessorChecker : Bean 'org.springframework.cloud.client.loadbalancer.reactive.LoadBalancerBeanPostProcessorAutoConfiguration$ReactorDeferringLoadBalancerFilterConfig' of type [org.springframework.cloud.client.loadbalancer.reactive.LoadBalancerBeanPostProcessorAutoConfiguration$ReactorDeferringLoadBalancerFilterConfig] is not eligible for getting processed by all BeanPostProcessors (for example: not eligible for auto-proxying). Is this bean getting eagerly injected into a currently created BeanPostProcessor [loadBalancerWebClientBuilderBeanPostProcessor]? Check the corresponding BeanPostProcessor declaration and its dependencies.
2024-03-16T21:29:07.868+05:30  WARN 46633 --- [inventory-service] [           main] trationDelegate$BeanPostProcessorChecker : Bean 'reactorDeferringLoadBalancerExchangeFilterFunction' of type [org.springframework.cloud.client.loadbalancer.reactive.DeferringLoadBalancerExchangeFilterFunction] is not eligible for getting processed by all BeanPostProcessors (for example: not eligible for auto-proxying). Is this bean getting eagerly injected into a currently created BeanPostProcessor [loadBalancerWebClientBuilderBeanPostProcessor]? Check the corresponding BeanPostProcessor declaration and its dependencies.
2024-03-16T21:29:07.953+05:30  INFO 46633 --- [inventory-service] [           main] o.hibernate.jpa.internal.util.LogHelper  : HHH000204: Processing PersistenceUnitInfo [name: default]
2024-03-16T21:29:07.985+05:30  INFO 46633 --- [inventory-service] [           main] org.hibernate.Version                    : HHH000412: Hibernate ORM core version 6.4.4.Final
2024-03-16T21:29:08.007+05:30  INFO 46633 --- [inventory-service] [           main] o.h.c.internal.RegionFactoryInitiator    : HHH000026: Second-level cache disabled
2024-03-16T21:29:08.167+05:30  INFO 46633 --- [inventory-service] [           main] o.s.o.j.p.SpringPersistenceUnitInfo      : No LoadTimeWeaver setup: ignoring JPA class transformer
2024-03-16T21:29:08.183+05:30  INFO 46633 --- [inventory-service] [           main] com.zaxxer.hikari.HikariDataSource       : HikariPool-1 - Starting...
2024-03-16T21:29:08.406+05:30  INFO 46633 --- [inventory-service] [           main] com.zaxxer.hikari.pool.HikariPool        : HikariPool-1 - Added connection com.mysql.cj.jdbc.ConnectionImpl@56299b0e
2024-03-16T21:29:08.407+05:30  INFO 46633 --- [inventory-service] [           main] com.zaxxer.hikari.HikariDataSource       : HikariPool-1 - Start completed.
2024-03-16T21:29:08.959+05:30  INFO 46633 --- [inventory-service] [           main] o.h.e.t.j.p.i.JtaPlatformInitiator       : HHH000489: No JTA platform available (set 'hibernate.transaction.jta.platform' to enable JTA platform integration)
2024-03-16T21:29:09.005+05:30  INFO 46633 --- [inventory-service] [           main] j.LocalContainerEntityManagerFactoryBean : Initialized JPA EntityManagerFactory for persistence unit 'default'
2024-03-16T21:29:09.371+05:30  WARN 46633 --- [inventory-service] [           main] JpaBaseConfiguration$JpaWebConfiguration : spring.jpa.open-in-view is enabled by default. Therefore, database queries may be performed during view rendering. Explicitly configure spring.jpa.open-in-view to disable this warning
2024-03-16T21:29:09.659+05:30  INFO 46633 --- [inventory-service] [           main] DiscoveryClientOptionalArgsConfiguration : Eureka HTTP Client uses RestTemplate.
2024-03-16T21:29:09.700+05:30  WARN 46633 --- [inventory-service] [           main] iguration$LoadBalancerCaffeineWarnLogger : Spring Cloud LoadBalancer is currently working with the default cache. While this cache implementation is useful for development and tests, it's recommended to use Caffeine cache in production.You can switch to using Caffeine cache, by adding it and org.springframework.cache.caffeine.CaffeineCacheManager to the classpath.
2024-03-16T21:29:09.722+05:30  INFO 46633 --- [inventory-service] [           main] c.e.inventory.InventoryApplicationTests  : Started InventoryApplicationTests in 2.931 seconds (process running for 3.57)
]]></system-out>
  </testcase>
</testsuite>